<?xml version="1.0" encoding="UTF-8"?>
<!-- Generated by org.testng.reporters.JUnitReportReporter -->
<testsuite hostname="Naels-MacBook-Pro.local" failures="0" tests="1" name="com.launcher.CalculatorScenarioLauncher" time="59.693" errors="0" timestamp="2020-10-29T14:14:28 IST" skipped="0">
  <testcase classname="com.launcher.CalculatorScenarioLauncher" name="runScenario" time="59.693"/>
  <system-out/>
</testsuite> <!-- com.launcher.CalculatorScenarioLauncher -->
